<?xml version="1.0" encoding="UTF-8"?>
<testsuite xmlns:xsi="http://www.w3.org/2001/XMLSchema-instance" xsi:schemaLocation="https://maven.apache.org/surefire/maven-surefire-plugin/xsd/surefire-test-report.xsd" name="hudson.plugins.pbc_compile.PbcCompileBuilderTest" time="0.828" tests="3" errors="0" skipped="0" failures="0">
  <properties>
[...]
</properties>
  <testcase name="shouldSplitArguments" classname="hudson.plugins.pbc_compile.PbcCompileBuilderTest" time="0.826"/>
  <testcase name="shouldStripQuotedArguments" classname="hudson.plugins.pbc_compile.PbcCompileBuilderTest" time="0.001"/>
  <testcase name="endEscapedCharacter" classname="hudson.plugins.pbc_compile.PbcCompileBuilderTest" time="0.001"/>
</testsuite>